<?xml version="1.0" encoding="UTF-8"?>
<testng-results skipped="0" failed="0" ignored="0" total="1" passed="1">
  <reporter-output>
  </reporter-output>
  <suite name="demo suite" duration-ms="20330" started-at="2018-07-17T07:23:27Z" finished-at="2018-07-17T07:23:47Z">
    <groups>
    </groups>
    <test name="demo suite" duration-ms="20330" started-at="2018-07-17T07:23:27Z" finished-at="2018-07-17T07:23:47Z">
      <class name="first_test.Session1">
        <test-method status="PASS" signature="loginTMA()[pri:0, instance:first_test.Session1@61862a7f]" name="loginTMA" duration-ms="19529" started-at="2018-07-17T07:23:27Z" finished-at="2018-07-17T07:23:47Z">
          <reporter-output>
          </reporter-output>
        </test-method> <!-- loginTMA -->
        <test-method status="PASS" signature="cleanUp()[pri:0, instance:first_test.Session1@61862a7f]" name="cleanUp" is-config="true" duration-ms="775" started-at="2018-07-17T07:23:47Z" finished-at="2018-07-17T07:23:47Z">
          <reporter-output>
          </reporter-output>
        </test-method> <!-- cleanUp -->
      </class> <!-- first_test.Session1 -->
    </test> <!-- demo suite -->
  </suite> <!-- demo suite -->
</testng-results>
